Release 14.7 - xst P.20131013 (nt64)
Copyright (c) 1995-2013 Xilinx, Inc.  All rights reserved.
--> Parameter TMPDIR set to xst/projnav.tmp


Total REAL time to Xst completion: 0.00 secs
Total CPU time to Xst completion: 0.24 secs
 
--> Parameter xsthdpdir set to xst


Total REAL time to Xst completion: 0.00 secs
Total CPU time to Xst completion: 0.24 secs
 
--> Reading design: PWM.prj

TABLE OF CONTENTS
  1) Synthesis Options Summary
  2) HDL Parsing
  3) HDL Elaboration
  4) HDL Synthesis
       4.1) HDL Synthesis Report
  5) Advanced HDL Synthesis
       5.1) Advanced HDL Synthesis Report
  6) Low Level Synthesis
  7) Partition Report
  8) Design Summary
       8.1) Primitive and Black Box Usage
       8.2) Device utilization summary
       8.3) Partition Resource Summary
       8.4) Timing Report
            8.4.1) Clock Information
            8.4.2) Asynchronous Control Signals Information
            8.4.3) Timing Summary
            8.4.4) Timing Details
            8.4.5) Cross Clock Domains Report


=========================================================================
*                      Synthesis Options Summary                        *
=========================================================================
---- Source Parameters
Input File Name                    : "PWM.prj"
Ignore Synthesis Constraint File   : NO

---- Target Parameters
Output File Name                   : "PWM"
Output Format                      : NGC
Target Device                      : xc7k325t-2-ffg900

---- Source Options
Top Module Name                    : PWM
Automatic FSM Extraction           : YES
FSM Encoding Algorithm             : Auto
Safe Implementation                : No
FSM Style                          : LUT
RAM Extraction                     : Yes
RAM Style                          : Auto
ROM Extraction                     : Yes
Shift Register Extraction          : YES
ROM Style                          : Auto
Resource Sharing                   : YES
Asynchronous To Synchronous        : NO
Shift Register Minimum Size        : 2
Use DSP Block                      : Auto
Automatic Register Balancing       : No

---- Target Options
LUT Combining                      : Auto
Reduce Control Sets                : Auto
Add IO Buffers                     : YES
Global Maximum Fanout              : 100000
Add Generic Clock Buffer(BUFG)     : 32
Register Duplication               : YES
Optimize Instantiated Primitives   : NO
Use Clock Enable                   : Auto
Use Synchronous Set                : Auto
Use Synchronous Reset              : Auto
Pack IO Registers into IOBs        : Auto
Equivalent register Removal        : YES

---- General Options
Optimization Goal                  : Speed
Optimization Effort                : 1
Power Reduction                    : NO
Keep Hierarchy                     : No
Netlist Hierarchy                  : As_Optimized
RTL Output                         : Yes
Global Optimization                : AllClockNets
Read Cores                         : YES
Write Timing Constraints           : NO
Cross Clock Analysis               : NO
Hierarchy Separator                : /
Bus Delimiter                      : <>
Case Specifier                     : Maintain
Slice Utilization Ratio            : 100
BRAM Utilization Ratio             : 100
DSP48 Utilization Ratio            : 100
Auto BRAM Packing                  : NO
Slice Utilization Ratio Delta      : 5

=========================================================================


=========================================================================
*                          HDL Parsing                                  *
=========================================================================
Parsing VHDL file "G:\Projekty\VSLI\lab2\PWM_CRC\PWM.vhd" into library work
Parsing entity <PWM>.
Parsing architecture <a_PWM> of entity <pwm>.

=========================================================================
*                            HDL Elaboration                            *
=========================================================================

Elaborating entity <PWM> (architecture <a_PWM>) from library <work>.
WARNING:HDLCompiler:92 - "G:\Projekty\VSLI\lab2\PWM_CRC\PWM.vhd" Line 29: nr_w should be on the sensitivity list of the process
WARNING:HDLCompiler:92 - "G:\Projekty\VSLI\lab2\PWM_CRC\PWM.vhd" Line 62: start should be on the sensitivity list of the process
WARNING:HDLCompiler:92 - "G:\Projekty\VSLI\lab2\PWM_CRC\PWM.vhd" Line 63: filling should be on the sensitivity list of the process
WARNING:HDLCompiler:92 - "G:\Projekty\VSLI\lab2\PWM_CRC\PWM.vhd" Line 68: start should be on the sensitivity list of the process

=========================================================================
*                           HDL Synthesis                               *
=========================================================================

Synthesizing Unit <PWM>.
    Related source file is "G:\Projekty\VSLI\lab2\PWM_CRC\PWM.vhd".
    Found 8-bit register for signal <filling>.
    Found 1-bit register for signal <start>.
    Found 8-bit register for signal <count_out>.
    Found 8-bit register for signal <data_in>.
    Found 8-bit register for signal <period>.
    Found 8-bit adder for signal <count_out[7]_GND_5_o_add_9_OUT> created at line 54.
    Found 8-bit 4-to-1 multiplexer for signal <GND_5_o_period[7]_mux_19_OUT> created at line 77.
    Found 8-bit comparator equal for signal <count_out[7]_period[7]_equal_9_o> created at line 51
    Found 8-bit comparator greater for signal <count_out[7]_filling[7]_LessThan_14_o> created at line 63
    Summary:
	inferred   1 Adder/Subtractor(s).
	inferred  33 D-type flip-flop(s).
	inferred   2 Comparator(s).
	inferred   3 Multiplexer(s).
Unit <PWM> synthesized.

=========================================================================
HDL Synthesis Report

Macro Statistics
# Adders/Subtractors                                   : 1
 8-bit adder                                           : 1
# Registers                                            : 5
 1-bit register                                        : 1
 8-bit register                                        : 4
# Comparators                                          : 2
 8-bit comparator equal                                : 1
 8-bit comparator greater                              : 1
# Multiplexers                                         : 3
 1-bit 2-to-1 multiplexer                              : 1
 8-bit 2-to-1 multiplexer                              : 1
 8-bit 4-to-1 multiplexer                              : 1

=========================================================================

=========================================================================
*                       Advanced HDL Synthesis                          *
=========================================================================


Synthesizing (advanced) Unit <PWM>.
The following registers are absorbed into counter <count_out>: 1 register on signal <count_out>.
Unit <PWM> synthesized (advanced).

=========================================================================
Advanced HDL Synthesis Report

Macro Statistics
# Counters                                             : 1
 8-bit up counter                                      : 1
# Registers                                            : 25
 Flip-Flops                                            : 25
# Comparators                                          : 2
 8-bit comparator equal                                : 1
 8-bit comparator greater                              : 1
# Multiplexers                                         : 2
 1-bit 2-to-1 multiplexer                              : 1
 8-bit 4-to-1 multiplexer                              : 1

=========================================================================

=========================================================================
*                         Low Level Synthesis                           *
=========================================================================

Optimizing unit <PWM> ...

Mapping all equations...
Building and optimizing final netlist ...
Found area constraint ratio of 100 (+ 5) on block PWM, actual ratio is 0.

Final Macro Processing ...

=========================================================================
Final Register Report

Macro Statistics
# Registers                                            : 33
 Flip-Flops                                            : 33

=========================================================================

=========================================================================
*                           Partition Report                            *
=========================================================================

Partition Implementation Status
-------------------------------

  No Partitions were found in this design.

-------------------------------

=========================================================================
*                            Design Summary                             *
=========================================================================

Top Level Output File Name         : PWM.ngc

Primitive and Black Box Usage:
------------------------------
# BELS                             : 47
#      GND                         : 1
#      LUT2                        : 6
#      LUT4                        : 7
#      LUT5                        : 1
#      LUT6                        : 15
#      MUXCY                       : 7
#      MUXF7                       : 1
#      VCC                         : 1
#      XORCY                       : 8
# FlipFlops/Latches                : 33
#      FD                          : 8
#      FDCE                        : 25
# Clock Buffers                    : 1
#      BUFGP                       : 1
# IO Buffers                       : 21
#      IBUF                        : 12
#      OBUF                        : 9

Device utilization summary:
---------------------------

Selected Device : 7k325tffg900-2 


Slice Logic Utilization: 
 Number of Slice Registers:              33  out of  407600     0%  
 Number of Slice LUTs:                   29  out of  203800     0%  
    Number used as Logic:                29  out of  203800     0%  

Slice Logic Distribution: 
 Number of LUT Flip Flop pairs used:     42
   Number with an unused Flip Flop:       9  out of     42    21%  
   Number with an unused LUT:            13  out of     42    30%  
   Number of fully used LUT-FF pairs:    20  out of     42    47%  
   Number of unique control sets:         5

IO Utilization: 
 Number of IOs:                          22
 Number of bonded IOBs:                  22  out of    500     4%  

Specific Feature Utilization:
 Number of BUFG/BUFGCTRLs:                1  out of     32     3%  

---------------------------
Partition Resource Summary:
---------------------------

  No Partitions were found in this design.

---------------------------


=========================================================================
Timing Report

NOTE: THESE TIMING NUMBERS ARE ONLY A SYNTHESIS ESTIMATE.
      FOR ACCURATE TIMING INFORMATION PLEASE REFER TO THE TRACE REPORT
      GENERATED AFTER PLACE-and-ROUTE.

Clock Information:
------------------
-----------------------------------+------------------------+-------+
Clock Signal                       | Clock buffer(FF name)  | Load  |
-----------------------------------+------------------------+-------+
clk                                | BUFGP                  | 33    |
-----------------------------------+------------------------+-------+

Asynchronous Control Signals Information:
----------------------------------------
No asynchronous control signals found in this design

Timing Summary:
---------------
Speed Grade: -2

   Minimum period: 2.093ns (Maximum Frequency: 477.806MHz)
   Minimum input arrival time before clock: 1.141ns
   Maximum output required time after clock: 2.528ns
   Maximum combinational path delay: No path found

Timing Details:
---------------
All values displayed in nanoseconds (ns)

=========================================================================
Timing constraint: Default period analysis for Clock 'clk'
  Clock period: 2.093ns (frequency: 477.806MHz)
  Total number of paths / destination ports: 764 / 32
-------------------------------------------------------------------------
Delay:               2.093ns (Levels of Logic = 10)
  Source:            count_out_1 (FF)
  Destination:       count_out_7 (FF)
  Source Clock:      clk rising
  Destination Clock: clk rising

  Data Path: count_out_1 to count_out_7
                                Gate     Net
    Cell:in->out      fanout   Delay   Delay  Logical Name (Net Name)
    ----------------------------------------  ------------
     FDCE:C->Q             3   0.236   0.625  count_out_1 (count_out_1)
     LUT6:I0->O            9   0.043   0.450  count_out[7]_period[7]_equal_9_o81 (count_out[7]_period[7]_equal_9_o8)
     LUT6:I4->O            1   0.043   0.339  count_out[7]_period[7]_equal_9_o_inv1 (count_out[7]_period[7]_equal_9_o_inv)
     MUXCY:CI->O           1   0.014   0.000  Mcount_count_out_cy<0> (Mcount_count_out_cy<0>)
     MUXCY:CI->O           1   0.014   0.000  Mcount_count_out_cy<1> (Mcount_count_out_cy<1>)
     MUXCY:CI->O           1   0.014   0.000  Mcount_count_out_cy<2> (Mcount_count_out_cy<2>)
     MUXCY:CI->O           1   0.014   0.000  Mcount_count_out_cy<3> (Mcount_count_out_cy<3>)
     MUXCY:CI->O           1   0.014   0.000  Mcount_count_out_cy<4> (Mcount_count_out_cy<4>)
     MUXCY:CI->O           1   0.014   0.000  Mcount_count_out_cy<5> (Mcount_count_out_cy<5>)
     MUXCY:CI->O           0   0.014   0.000  Mcount_count_out_cy<6> (Mcount_count_out_cy<6>)
     XORCY:CI->O           1   0.262   0.000  Mcount_count_out_xor<7> (Mcount_count_out7)
     FDCE:D                   -0.000          count_out_7
    ----------------------------------------
    Total                      2.093ns (0.678ns logic, 1.414ns route)
                                       (32.4% logic, 67.6% route)

=========================================================================
Timing constraint: Default OFFSET IN BEFORE for Clock 'clk'
  Total number of paths / destination ports: 108 / 66
-------------------------------------------------------------------------
Offset:              1.141ns (Levels of Logic = 2)
  Source:            nr_w (PAD)
  Destination:       filling_0 (FF)
  Destination Clock: clk rising

  Data Path: nr_w to filling_0
                                Gate     Net
    Cell:in->out      fanout   Delay   Delay  Logical Name (Net Name)
    ----------------------------------------  ------------
     IBUF:I->O             1   0.000   0.405  nr_w_IBUF (nr_w_IBUF)
     LUT2:I0->O           17   0.043   0.429  reset_nr_w_OR_1_o1 (reset_nr_w_OR_1_o)
     FDCE:CLR                  0.264          filling_0
    ----------------------------------------
    Total                      1.141ns (0.307ns logic, 0.834ns route)
                                       (26.9% logic, 73.1% route)

=========================================================================
Timing constraint: Default OFFSET OUT AFTER for Clock 'clk'
  Total number of paths / destination ports: 36 / 9
-------------------------------------------------------------------------
Offset:              2.528ns (Levels of Logic = 5)
  Source:            count_out_2 (FF)
  Destination:       PWM_out (PAD)
  Source Clock:      clk rising

  Data Path: count_out_2 to PWM_out
                                Gate     Net
    Cell:in->out      fanout   Delay   Delay  Logical Name (Net Name)
    ----------------------------------------  ------------
     FDCE:C->Q             3   0.236   0.625  count_out_2 (count_out_2)
     LUT6:I0->O            2   0.043   0.527  count_out[7]_filling[7]_LessThan_14_o2 (count_out[7]_filling[7]_LessThan_14_o1)
     LUT6:I2->O            1   0.043   0.000  count_out[7]_filling[7]_LessThan_14_o1_F (N17)
     MUXF7:I0->O           1   0.176   0.495  count_out[7]_filling[7]_LessThan_14_o1 (count_out[7]_filling[7]_LessThan_14_o2)
     LUT6:I3->O            1   0.043   0.339  Mmux_PWM_out11 (PWM_out_OBUF)
     OBUF:I->O                 0.000          PWM_out_OBUF (PWM_out)
    ----------------------------------------
    Total                      2.528ns (0.541ns logic, 1.987ns route)
                                       (21.4% logic, 78.6% route)

=========================================================================

Cross Clock Domains Report:
--------------------------

Clock to Setup on destination clock clk
---------------+---------+---------+---------+---------+
               | Src:Rise| Src:Fall| Src:Rise| Src:Fall|
Source Clock   |Dest:Rise|Dest:Rise|Dest:Fall|Dest:Fall|
---------------+---------+---------+---------+---------+
clk            |    2.093|         |         |         |
---------------+---------+---------+---------+---------+

=========================================================================


Total REAL time to Xst completion: 12.00 secs
Total CPU time to Xst completion: 12.34 secs
 
--> 

Total memory usage is 423596 kilobytes

Number of errors   :    0 (   0 filtered)
Number of warnings :    4 (   0 filtered)
Number of infos    :    0 (   0 filtered)

